<?xml version="1.0" encoding="UTF-8"?>
<!-- Generated by org.testng.reporters.JUnitXMLReporter -->
<testsuite ignored="0" hostname="LAPTOP-0V3POML9" failures="0" tests="11" name="Test" time="11.302" errors="0" timestamp="2020-12-20T22:28:50 EST">
  <testcase classname="alltesting.Maven_Testing_2.day1_Test" name="day1_tests_2_1" time="0.019"/>
  <testcase classname="alltesting.Maven_Testing_2.day1_Test" name="day1_tests_2_2" time="0.0"/>
  <testcase classname="alltesting.Maven_Testing_2.day1_Test" name="daycarloan" time="0.0"/>
  <testcase classname="alltesting.Maven_Testing_2.day1_Test" name="daycarloan1" time="0.0"/>
  <testcase classname="alltesting.Maven_Testing_2.day1_Test" name="daycarloan2" time="0.0"/>
  <testcase classname="alltesting.Maven_Testing_2.day1_test_3_Test" name="day1_tests_2_1" time="0.001"/>
  <testcase classname="alltesting.Maven_Testing_2.day1_test_3_Test" name="day1_tests_2_2" time="0.0"/>
  <testcase classname="alltesting.Maven_Testing_2.day1_test_3_Test" name="daycarloan" time="0.001"/>
  <testcase classname="alltesting.Maven_Testing_2.day1_test_3_Test" name="daycarloan1" time="0.0"/>
  <testcase classname="alltesting.Maven_Testing_2.day1_test_3_Test" name="daycarloan2" time="0.0"/>
  <testcase classname="alltesting.Maven_Testing_2.first_testng_Test" name="day1" time="11.173"/>
</testsuite> <!-- Test -->
