<?xml version="1.0" encoding="UTF-8"?>
<testsuite xmlns:xsi="http://www.w3.org/2001/XMLSchema-instance" xsi:noNamespaceSchemaLocation="https://maven.apache.org/surefire/maven-surefire-plugin/xsd/surefire-test-report.xsd" name="TestSuite" time="13.391" tests="11" errors="0" skipped="0" failures="0">
  <properties>
[...]
</properties>
  <testcase name="day1_tests_2_1" classname="alltesting.Maven_Testing_2.day1_Test" time="0.016"/>
  <testcase name="day1_tests_2_2" classname="alltesting.Maven_Testing_2.day1_Test" time="0.004"/>
  <testcase name="daycarloan" classname="alltesting.Maven_Testing_2.day1_Test" time="0.005"/>
  <testcase name="daycarloan1" classname="alltesting.Maven_Testing_2.day1_Test" time="0.002"/>
  <testcase name="daycarloan2" classname="alltesting.Maven_Testing_2.day1_Test" time="0.004"/>
  <testcase name="day1_tests_2_1" classname="alltesting.Maven_Testing_2.day1_test_3_Test" time="0.046"/>
  <testcase name="day1_tests_2_2" classname="alltesting.Maven_Testing_2.day1_test_3_Test" time="0.032"/>
  <testcase name="daycarloan" classname="alltesting.Maven_Testing_2.day1_test_3_Test" time="0.001"/>
  <testcase name="daycarloan1" classname="alltesting.Maven_Testing_2.day1_test_3_Test" time="0.002"/>
  <testcase name="daycarloan2" classname="alltesting.Maven_Testing_2.day1_test_3_Test" time="0.002"/>
  <testcase name="day1" classname="alltesting.Maven_Testing_2.first_testng_Test" time="11.743"/>
</testsuite>