<?xml version="1.0" encoding="UTF-8"?>
<testng-results ignored="0" total="11" passed="11" failed="0" skipped="0">
  <reporter-output>
  </reporter-output>
  <suite started-at="2020-12-20T22:28:39 EST" name="Suite" finished-at="2020-12-20T22:28:50 EST" duration-ms="11302">
    <groups>
    </groups>
    <test started-at="2020-12-20T22:28:39 EST" name="Test" finished-at="2020-12-20T22:28:50 EST" duration-ms="11302">
      <class name="alltesting.Maven_Testing_2.day1_test_3_Test">
        <test-method signature="day1_tests_2_1()[pri:0, instance:alltesting.Maven_Testing_2.day1_test_3_Test@1f1c7bf6]" started-at="2020-12-20T22:28:39 EST" name="day1_tests_2_1" finished-at="2020-12-20T22:28:39 EST" duration-ms="1" status="PASS">
          <reporter-output>
          </reporter-output>
        </test-method> <!-- day1_tests_2_1 -->
        <test-method signature="day1_tests_2_2()[pri:0, instance:alltesting.Maven_Testing_2.day1_test_3_Test@1f1c7bf6]" started-at="2020-12-20T22:28:39 EST" name="day1_tests_2_2" finished-at="2020-12-20T22:28:39 EST" duration-ms="0" status="PASS">
          <reporter-output>
          </reporter-output>
        </test-method> <!-- day1_tests_2_2 -->
        <test-method signature="daycarloan()[pri:0, instance:alltesting.Maven_Testing_2.day1_test_3_Test@1f1c7bf6]" started-at="2020-12-20T22:28:39 EST" name="daycarloan" finished-at="2020-12-20T22:28:39 EST" duration-ms="1" status="PASS">
          <reporter-output>
          </reporter-output>
        </test-method> <!-- daycarloan -->
        <test-method signature="daycarloan1()[pri:0, instance:alltesting.Maven_Testing_2.day1_test_3_Test@1f1c7bf6]" started-at="2020-12-20T22:28:39 EST" name="daycarloan1" finished-at="2020-12-20T22:28:39 EST" duration-ms="0" status="PASS">
          <reporter-output>
          </reporter-output>
        </test-method> <!-- daycarloan1 -->
        <test-method signature="daycarloan2()[pri:0, instance:alltesting.Maven_Testing_2.day1_test_3_Test@1f1c7bf6]" started-at="2020-12-20T22:28:39 EST" name="daycarloan2" finished-at="2020-12-20T22:28:39 EST" duration-ms="0" status="PASS">
          <reporter-output>
          </reporter-output>
        </test-method> <!-- daycarloan2 -->
      </class> <!-- alltesting.Maven_Testing_2.day1_test_3_Test -->
      <class name="alltesting.Maven_Testing_2.day1_Test">
        <test-method signature="day1_tests_2_1()[pri:0, instance:alltesting.Maven_Testing_2.day1_Test@75c072cb]" started-at="2020-12-20T22:28:39 EST" name="day1_tests_2_1" finished-at="2020-12-20T22:28:39 EST" duration-ms="19" status="PASS">
          <reporter-output>
          </reporter-output>
        </test-method> <!-- day1_tests_2_1 -->
        <test-method signature="day1_tests_2_2()[pri:0, instance:alltesting.Maven_Testing_2.day1_Test@75c072cb]" started-at="2020-12-20T22:28:39 EST" name="day1_tests_2_2" finished-at="2020-12-20T22:28:39 EST" duration-ms="0" status="PASS">
          <reporter-output>
          </reporter-output>
        </test-method> <!-- day1_tests_2_2 -->
        <test-method signature="daycarloan()[pri:0, instance:alltesting.Maven_Testing_2.day1_Test@75c072cb]" started-at="2020-12-20T22:28:39 EST" name="daycarloan" finished-at="2020-12-20T22:28:39 EST" duration-ms="0" status="PASS">
          <reporter-output>
          </reporter-output>
        </test-method> <!-- daycarloan -->
        <test-method signature="daycarloan1()[pri:0, instance:alltesting.Maven_Testing_2.day1_Test@75c072cb]" started-at="2020-12-20T22:28:39 EST" name="daycarloan1" finished-at="2020-12-20T22:28:39 EST" duration-ms="0" status="PASS">
          <reporter-output>
          </reporter-output>
        </test-method> <!-- daycarloan1 -->
        <test-method signature="daycarloan2()[pri:0, instance:alltesting.Maven_Testing_2.day1_Test@75c072cb]" started-at="2020-12-20T22:28:39 EST" name="daycarloan2" finished-at="2020-12-20T22:28:39 EST" duration-ms="0" status="PASS">
          <reporter-output>
          </reporter-output>
        </test-method> <!-- daycarloan2 -->
      </class> <!-- alltesting.Maven_Testing_2.day1_Test -->
      <class name="alltesting.Maven_Testing_2.first_testng_Test">
        <test-method signature="day1()[pri:0, instance:alltesting.Maven_Testing_2.first_testng_Test@25b485ba]" started-at="2020-12-20T22:28:39 EST" name="day1" finished-at="2020-12-20T22:28:50 EST" duration-ms="11173" status="PASS">
          <reporter-output>
          </reporter-output>
        </test-method> <!-- day1 -->
      </class> <!-- alltesting.Maven_Testing_2.first_testng_Test -->
    </test> <!-- Test -->
  </suite> <!-- Suite -->
</testng-results>
